<?xml version="1.0" encoding="UTF-8"?>
<!-- Generated by org.testng.reporters.JUnitReportReporter -->
<testsuite hostname="LAPTOP-BR73BODV" failures="0" tests="1" name="org.simple.BrokenLink" time="54.023" errors="0" timestamp="2022-05-19T15:28:06 IST" skipped="0">
  <testcase classname="org.simple.BrokenLink" name="getLink" time="54.023"/>
  <system-out/>
</testsuite> <!-- org.simple.BrokenLink -->
